\BOOKMARK [0][-]{chapter*.2}{Abstract}{}% 1
\BOOKMARK [0][-]{chapter*.3}{Declaration}{}% 2
\BOOKMARK [0][-]{chapter*.4}{Acknowledgements}{}% 3
\BOOKMARK [1][-]{section.0.1}{Critical Dependencies}{chapter*.4}% 4
\BOOKMARK [1][-]{section.0.2}{List of Publications}{chapter*.4}% 5
\BOOKMARK [1][-]{section.0.3}{Outline of chapter contents}{chapter*.4}% 6
\BOOKMARK [0][-]{section.0.3}{Introduction}{}% 7
\BOOKMARK [0][-]{chapter.1}{Background - 60\045}{}% 8
\BOOKMARK [1][-]{section.1.1}{Parton Distribution Functions \(PDFs\) in Hadroproduction}{chapter.1}% 9
\BOOKMARK [2][-]{subsection.1.1.1}{PDF Fitting Strategy}{section.1.1}% 10
\BOOKMARK [1][-]{section.1.2}{Parametrisation and Neural Networks}{chapter.1}% 11
\BOOKMARK [1][-]{section.1.3}{Experimental Uncertainties}{chapter.1}% 12
\BOOKMARK [0][-]{chapter.2}{Theory uncertainties in PDFs - 10\045}{}% 13
\BOOKMARK [1][-]{section.2.1}{Fitting PDFs including theory uncertainties}{chapter.2}% 14
\BOOKMARK [1][-]{section.2.2}{Sources of Theoretical Uncertainties}{chapter.2}% 15
\BOOKMARK [1][-]{section.2.3}{Renormalisation group invariance}{chapter.2}% 16
\BOOKMARK [1][-]{section.2.4}{Scale variation in partonic cross-sections}{chapter.2}% 17
\BOOKMARK [1][-]{section.2.5}{Scale variation in PDF evolution}{chapter.2}% 18
\BOOKMARK [1][-]{section.2.6}{Double scale variations}{chapter.2}% 19
\BOOKMARK [1][-]{section.2.7}{Multiple scale variations}{chapter.2}% 20
\BOOKMARK [0][-]{chapter.3}{Missing higher order uncertainties 0\045}{}% 21
\BOOKMARK [1][-]{section.3.1}{Prescriptions to generate the theory covariance matrix}{chapter.3}% 22
\BOOKMARK [1][-]{section.3.2}{Validating the theory covariance matrix}{chapter.3}% 23
\BOOKMARK [1][-]{section.3.3}{PDFs with missing higher order uncertainties}{chapter.3}% 24
\BOOKMARK [1][-]{section.3.4}{Impact on phenomenology}{chapter.3}% 25
\BOOKMARK [1][-]{section.3.5}{Usage and delivery}{chapter.3}% 26
\BOOKMARK [0][-]{chapter.4}{Nuclear Uncertainties - 90\045}{}% 27
\BOOKMARK [1][-]{section.4.1}{Introduction}{chapter.4}% 28
\BOOKMARK [1][-]{section.4.2}{Nuclear Data}{chapter.4}% 29
\BOOKMARK [1][-]{section.4.3}{Determining Nuclear Uncertainties}{chapter.4}% 30
\BOOKMARK [1][-]{section.4.4}{The Impact on Global PDFs}{chapter.4}% 31
\BOOKMARK [1][-]{section.4.5}{Phenomenology}{chapter.4}% 32
\BOOKMARK [1][-]{section.4.6}{Conclusions}{chapter.4}% 33
\BOOKMARK [0][-]{chapter.5}{Deuteron Uncertainties - 0\045}{}% 34
\BOOKMARK [0][-]{chapter.6}{Higher Twist Uncertainties - 0\045}{}% 35
\BOOKMARK [1][-]{section.6.1}{The role of higher twist data in PDFs}{chapter.6}% 36
\BOOKMARK [1][-]{section.6.2}{Ansatz for a higher twist correction}{chapter.6}% 37
\BOOKMARK [1][-]{section.6.3}{Using a neural network to model higher twist}{chapter.6}% 38
\BOOKMARK [2][-]{subsection.6.3.1}{Model architecture}{section.6.3}% 39
\BOOKMARK [2][-]{subsection.6.3.2}{Training and validating the neural network}{section.6.3}% 40
\BOOKMARK [1][-]{section.6.4}{Form of the higher twist correction}{chapter.6}% 41
\BOOKMARK [1][-]{section.6.5}{The higher twist covariance matrix}{chapter.6}% 42
\BOOKMARK [1][-]{section.6.6}{PDFs with higher twist uncertainties}{chapter.6}% 43
\BOOKMARK [0][-]{chapter.7}{Conclusion - 0\045}{}% 44
\BOOKMARK [0][-]{section*.18}{Bibliography}{}% 45
